<?xml version="1.0" encoding="UTF-8"?>
<testsuites name="jest tests" tests="30" failures="0" errors="0" time="20.154">
  <testsuite name="Layout" errors="0" failures="0" skipped="0" timestamp="2026-04-29T07:31:47" time="19.194" tests="30">
    <testcase classname="Layout" name="should render children content" time="0.134">
    </testcase>
    <testcase classname="Layout" name="should render app bar with logo and title" time="0.047">
    </testcase>
    <testcase classname="Layout" name="should render navigation menu items" time="0.061">
    </testcase>
    <testcase classname="Layout" name="should display user avatar with first letter of firstName" time="0.037">
    </testcase>
    <testcase classname="Layout" name="should toggle sidebar when menu icon is clicked" time="0.053">
    </testcase>
    <testcase classname="Layout" name="should open user menu when avatar is clicked" time="0.069">
    </testcase>
    <testcase classname="Layout" name="should navigate when menu item is clicked" time="0.039">
    </testcase>
    <testcase classname="Layout" name="should logout and navigate to login when logout is clicked" time="0.107">
    </testcase>
    <testcase classname="Layout" name="should call authService.logout when logout is triggered" time="0.103">
    </testcase>
    <testcase classname="Layout" name="should handle logout failure gracefully" time="0.088">
    </testcase>
    <testcase classname="Layout" name="should clear Redux state after logout" time="0.09">
    </testcase>
    <testcase classname="Layout" name="should close user menu after logout" time="0.095">
    </testcase>
    <testcase classname="Layout" name="should close user menu when menu item is clicked" time="0.071">
    </testcase>
    <testcase classname="Layout" name="should display correct page title based on route" time="0.031">
    </testcase>
    <testcase classname="Layout" name="should show theme toggle button" time="0.027">
    </testcase>
    <testcase classname="Layout" name="should render sidebar when sidebarOpen is true" time="0.027">
    </testcase>
    <testcase classname="Layout" name="should handle user without firstName gracefully" time="0.033">
    </testcase>
    <testcase classname="Layout" name="should handle user without firstName or userName" time="0.032">
    </testcase>
    <testcase classname="Layout" name="should display user full name in menu" time="0.059">
    </testcase>
    <testcase classname="Layout" name="should apply selected style to current route navigation item" time="0.034">
    </testcase>
    <testcase classname="Layout &gt; Cross-Browser Session Invalidation" name="calls SessionService.getActiveSessions when document becomes visible" time="0.034">
    </testcase>
    <testcase classname="Layout &gt; Cross-Browser Session Invalidation" name="does not call SessionService.getActiveSessions when document becomes hidden" time="0.035">
    </testcase>
    <testcase classname="Layout &gt; Cross-Browser Session Invalidation" name="silently ignores errors from the visibility-based session check" time="0.044">
    </testcase>
    <testcase classname="Layout &gt; Cross-Browser Session Invalidation" name="removes the visibilitychange listener on unmount" time="0.03">
    </testcase>
    <testcase classname="Layout &gt; Profile Management" name="should fetch user profile on mount if firstName or lastName is missing" time="0.045">
    </testcase>
    <testcase classname="Layout &gt; Profile Management" name="should always fetch profile on mount to get latest user info" time="0.044">
    </testcase>
    <testcase classname="Layout &gt; Profile Management" name="should handle profile fetch error gracefully" time="0.099">
    </testcase>
    <testcase classname="Layout &gt; Profile Management" name="should update Redux store with fetched profile data" time="0.067">
    </testcase>
    <testcase classname="Layout &gt; Profile Management" name="should display updated user name in avatar after profile fetch" time="0.049">
    </testcase>
    <testcase classname="Layout &gt; Profile Management" name="should handle response without data property" time="0.052">
    </testcase>
  </testsuite>
</testsuites>