<?xml version="1.0" encoding="UTF-8"?>
<testsuites name="jest tests" tests="59" failures="0" errors="0" time="34.185">
  <testsuite name="CreateUserModal" errors="0" failures="0" skipped="25" timestamp="2026-05-20T10:54:20" time="32.289" tests="59">
    <testcase classname="CreateUserModal &gt; Rendering" name="should render modal when open is true" time="0.354">
    </testcase>
    <testcase classname="CreateUserModal &gt; Rendering" name="should not render modal when open is false" time="0.003">
    </testcase>
    <testcase classname="CreateUserModal &gt; Rendering" name="should render all required form fields" time="0.1">
    </testcase>
    <testcase classname="CreateUserModal &gt; Rendering" name="should render optional contact information fields" time="0.089">
    </testcase>
    <testcase classname="CreateUserModal &gt; Rendering" name="should render account and role assignments section" time="0.078">
    </testcase>
    <testcase classname="CreateUserModal &gt; Rendering" name="should render action buttons" time="0.178">
    </testcase>
    <testcase classname="CreateUserModal &gt; Rendering" name="should render notification consent checkbox" time="0.071">
    </testcase>
    <testcase classname="CreateUserModal &gt; Rendering" name="should display section headers with icons" time="0.067">
    </testcase>
    <testcase classname="CreateUserModal &gt; Form Validation - validateForm()" name="should show error when first name is empty" time="0.165">
    </testcase>
    <testcase classname="CreateUserModal &gt; Form Validation - validateForm()" name="should show error when last name is empty" time="0.147">
    </testcase>
    <testcase classname="CreateUserModal &gt; Form Validation - validateForm()" name="should show error when email is empty" time="0.151">
    </testcase>
    <testcase classname="CreateUserModal &gt; Form Validation - validateForm()" name="should show error when email format is invalid" time="0.716">
    </testcase>
    <testcase classname="CreateUserModal &gt; Form Validation - validateForm()" name="should accept valid email formats" time="0.445">
    </testcase>
    <testcase classname="CreateUserModal &gt; Form Validation - validateForm()" name="should validate email with subdomain" time="0">
      <skipped/>
    </testcase>
    <testcase classname="CreateUserModal &gt; Form Validation - validateForm()" name="should show error when username is empty" time="0.101">
    </testcase>
    <testcase classname="CreateUserModal &gt; Form Validation - validateForm()" name="should show error when username contains spaces" time="0.365">
    </testcase>
    <testcase classname="CreateUserModal &gt; Form Validation - validateForm()" name="should show error when username contains special characters" time="0">
      <skipped/>
    </testcase>
    <testcase classname="CreateUserModal &gt; Form Validation - validateForm()" name="should accept valid username with allowed characters" time="0">
      <skipped/>
    </testcase>
    <testcase classname="CreateUserModal &gt; Form Validation - validateForm()" name="should show error when password is empty" time="0.101">
    </testcase>
    <testcase classname="CreateUserModal &gt; Form Validation - validateForm()" name="should show error when password is less than 8 characters" time="0.266">
    </testcase>
    <testcase classname="CreateUserModal &gt; Form Validation - validateForm()" name="should accept password with 8 or more characters" time="0">
      <skipped/>
    </testcase>
    <testcase classname="CreateUserModal &gt; Form Validation - validateForm()" name="should show error when confirm password is empty" time="0.104">
    </testcase>
    <testcase classname="CreateUserModal &gt; Form Validation - validateForm()" name="should show error when passwords do not match" time="0">
      <skipped/>
    </testcase>
    <testcase classname="CreateUserModal &gt; Form Validation - validateForm()" name="should not show errors when all required fields are valid" time="0">
      <skipped/>
    </testcase>
    <testcase classname="CreateUserModal &gt; Form Validation - validateForm()" name="should validate multiple fields simultaneously" time="0.127">
    </testcase>
    <testcase classname="CreateUserModal &gt; Form Submission" name="should call UserService.createUserV2 with correct data on valid form submission" time="0">
      <skipped/>
    </testcase>
    <testcase classname="CreateUserModal &gt; Form Submission" name="should call onUserCreated and onClose on successful user creation" time="1.431">
    </testcase>
    <testcase classname="CreateUserModal &gt; Form Submission" name="should handle successful creation with data property" time="0">
      <skipped/>
    </testcase>
    <testcase classname="CreateUserModal &gt; Form Submission" name="should display error message on API failure" time="0">
      <skipped/>
    </testcase>
    <testcase classname="CreateUserModal &gt; Form Submission" name="should display error when API returns error message" time="1.321">
    </testcase>
    <testcase classname="CreateUserModal &gt; Form Submission" name="should show loading state during submission" time="1.448">
    </testcase>
    <testcase classname="CreateUserModal &gt; Form Submission" name="should disable buttons during loading" time="1.366">
    </testcase>
    <testcase classname="CreateUserModal &gt; Form Submission" name="should not submit if validation fails" time="0.092">
    </testcase>
    <testcase classname="CreateUserModal &gt; Form Submission" name="should include optional fields when provided" time="0">
      <skipped/>
    </testcase>
    <testcase classname="CreateUserModal &gt; Form Submission" name="should handle unexpected errors gracefully" time="0">
      <skipped/>
    </testcase>
    <testcase classname="CreateUserModal &gt; User Interactions" name="should update first name field on input" time="0">
      <skipped/>
    </testcase>
    <testcase classname="CreateUserModal &gt; User Interactions" name="should update email field on input" time="0">
      <skipped/>
    </testcase>
    <testcase classname="CreateUserModal &gt; User Interactions" name="should handle notification consent checkbox toggle" time="0.063">
    </testcase>
    <testcase classname="CreateUserModal &gt; User Interactions" name="should handle role selection from dropdown" time="0">
      <skipped/>
    </testcase>
    <testcase classname="CreateUserModal &gt; User Interactions" name="should handle country selection" time="0">
      <skipped/>
    </testcase>
    <testcase classname="CreateUserModal &gt; User Interactions" name="should close modal when cancel button is clicked" time="0.096">
    </testcase>
    <testcase classname="CreateUserModal &gt; User Interactions" name="should not close modal when loading" time="0">
      <skipped/>
    </testcase>
    <testcase classname="CreateUserModal &gt; User Interactions" name="should clear form data when modal closes" time="0.235">
    </testcase>
    <testcase classname="CreateUserModal &gt; User Interactions" name="should clear errors when modal closes" time="0.155">
    </testcase>
    <testcase classname="CreateUserModal &gt; Edge Cases and Data Transformation" name="should trim whitespace from text inputs" time="0">
      <skipped/>
    </testcase>
    <testcase classname="CreateUserModal &gt; Edge Cases and Data Transformation" name="should convert email to lowercase" time="0">
      <skipped/>
    </testcase>
    <testcase classname="CreateUserModal &gt; Edge Cases and Data Transformation" name="should convert username to lowercase" time="0">
      <skipped/>
    </testcase>
    <testcase classname="CreateUserModal &gt; Edge Cases and Data Transformation" name="should omit undefined optional fields from submission" time="0">
      <skipped/>
    </testcase>
    <testcase classname="CreateUserModal &gt; Edge Cases and Data Transformation" name="should handle empty strings in optional fields" time="0">
      <skipped/>
    </testcase>
    <testcase classname="CreateUserModal &gt; Edge Cases and Data Transformation" name="should sync roles across accounts when roles change" time="0">
      <skipped/>
    </testcase>
    <testcase classname="CreateUserModal &gt; Error Display and Recovery" name="should display API error in alert" time="0">
      <skipped/>
    </testcase>
    <testcase classname="CreateUserModal &gt; Error Display and Recovery" name="should allow resubmission after error" time="0">
      <skipped/>
    </testcase>
    <testcase classname="CreateUserModal &gt; Error Display and Recovery" name="should clear API error when modal is closed" time="0">
      <skipped/>
    </testcase>
    <testcase classname="CreateUserModal &gt; Helper Text and Labels" name="should display password requirements helper text" time="0.048">
    </testcase>
    <testcase classname="CreateUserModal &gt; Helper Text and Labels" name="should display username format helper text" time="0.044">
    </testcase>
    <testcase classname="CreateUserModal &gt; Helper Text and Labels" name="should show required asterisk on required fields" time="0.056">
    </testcase>
    <testcase classname="CreateUserModal &gt; Accessibility" name="should have proper ARIA labels" time="0.062">
    </testcase>
    <testcase classname="CreateUserModal &gt; Accessibility" name="should associate error messages with inputs" time="0.118">
    </testcase>
    <testcase classname="CreateUserModal &gt; Accessibility" name="should disable escape key when loading" time="1.336">
    </testcase>
  </testsuite>
</testsuites>