<?xml version="1.0" encoding="UTF-8"?>
<testsuites name="jest tests" tests="1646" failures="0" errors="0" time="243.314">
  <testsuite name="App" errors="0" failures="0" skipped="10" timestamp="2026-04-14T10:15:18" time="11.943" tests="10">
    <testcase classname="App should pass basic test" name="App should pass basic test" time="0">
      <skipped/>
    </testcase>
    <testcase classname="App renders the app without crashing" name="App renders the app without crashing" time="0">
      <skipped/>
    </testcase>
    <testcase classname="App renders with Redux Provider" name="App renders with Redux Provider" time="0">
      <skipped/>
    </testcase>
    <testcase classname="App renders with QueryClientProvider" name="App renders with QueryClientProvider" time="0">
      <skipped/>
    </testcase>
    <testcase classname="App renders with ThemeProvider and CssBaseline" name="App renders with ThemeProvider and CssBaseline" time="0">
      <skipped/>
    </testcase>
    <testcase classname="App shows loading fallback for lazy components" name="App shows loading fallback for lazy components" time="0">
      <skipped/>
    </testcase>
    <testcase classname="App renders Toaster component" name="App renders Toaster component" time="0">
      <skipped/>
    </testcase>
    <testcase classname="App applies theme mode from store" name="App applies theme mode from store" time="0">
      <skipped/>
    </testcase>
    <testcase classname="App initializes QueryClient with correct options" name="App initializes QueryClient with correct options" time="0">
      <skipped/>
    </testcase>
    <testcase classname="App exports App as default" name="App exports App as default" time="0">
      <skipped/>
    </testcase>
  </testsuite>
  <testsuite name="ActiveSessionsManagement" errors="0" failures="0" skipped="0" timestamp="2026-04-14T10:15:18" time="97.69" tests="10">
    <testcase classname="ActiveSessionsManagement should render active sessions" name="ActiveSessionsManagement should render active sessions" time="1.228">
    </testcase>
    <testcase classname="ActiveSessionsManagement should show current session badge" name="ActiveSessionsManagement should show current session badge" time="0.581">
    </testcase>
    <testcase classname="ActiveSessionsManagement should display loading state" name="ActiveSessionsManagement should display loading state" time="0.782">
    </testcase>
    <testcase classname="ActiveSessionsManagement should display error message on fetch failure" name="ActiveSessionsManagement should display error message on fetch failure" time="0.179">
    </testcase>
    <testcase classname="ActiveSessionsManagement should open confirmation dialog when terminating a session" name="ActiveSessionsManagement should open confirmation dialog when terminating a session" time="0.887">
    </testcase>
    <testcase classname="ActiveSessionsManagement should terminate a session when confirmed" name="ActiveSessionsManagement should terminate a session when confirmed" time="1.043">
    </testcase>
    <testcase classname="ActiveSessionsManagement should open confirmation dialog for terminating all sessions" name="ActiveSessionsManagement should open confirmation dialog for terminating all sessions" time="0.525">
    </testcase>
    <testcase classname="ActiveSessionsManagement should terminate all other sessions when confirmed" name="ActiveSessionsManagement should terminate all other sessions when confirmed" time="0.793">
    </testcase>
    <testcase classname="ActiveSessionsManagement should refresh sessions periodically" name="ActiveSessionsManagement should refresh sessions periodically" time="0.056">
    </testcase>
    <testcase classname="ActiveSessionsManagement should manually refresh sessions when refresh button is clicked" name="ActiveSessionsManagement should manually refresh sessions when refresh button is clicked" time="0.505">
    </testcase>
  </testsuite>
  <testsuite name="AdminSessionsModal" errors="0" failures="0" skipped="0" timestamp="2026-04-14T10:15:19" time="99.6" tests="18">
    <testcase classname="AdminSessionsModal does not fetch when modal is closed" name="AdminSessionsModal does not fetch when modal is closed" time="0.389">
    </testcase>
    <testcase classname="AdminSessionsModal does not fetch when username is null" name="AdminSessionsModal does not fetch when username is null" time="0.478">
    </testcase>
    <testcase classname="AdminSessionsModal shows loading spinner while fetching" name="AdminSessionsModal shows loading spinner while fetching" time="0.263">
    </testcase>
    <testcase classname="AdminSessionsModal displays username in dialog title" name="AdminSessionsModal displays username in dialog title" time="0.463">
    </testcase>
    <testcase classname="AdminSessionsModal displays sessions when fetched successfully" name="AdminSessionsModal displays sessions when fetched successfully" time="0.463">
    </testcase>
    <testcase classname="AdminSessionsModal shows Current chip for the current session" name="AdminSessionsModal shows Current chip for the current session" time="0.289">
    </testcase>
    <testcase classname="AdminSessionsModal shows no sessions message when list is empty" name="AdminSessionsModal shows no sessions message when list is empty" time="0.245">
    </testcase>
    <testcase classname="AdminSessionsModal shows error alert when fetch fails" name="AdminSessionsModal shows error alert when fetch fails" time="0.314">
    </testcase>
    <testcase classname="AdminSessionsModal shows generic error message for non-Error exception" name="AdminSessionsModal shows generic error message for non-Error exception" time="0.194">
    </testcase>
    <testcase classname="AdminSessionsModal terminates a non-current session" name="AdminSessionsModal terminates a non-current session" time="0.942">
    </testcase>
    <testcase classname="AdminSessionsModal shows error when terminate fails" name="AdminSessionsModal shows error when terminate fails" time="0.705">
    </testcase>
    <testcase classname="AdminSessionsModal calls onClose when Close button is clicked" name="AdminSessionsModal calls onClose when Close button is clicked" time="0.612">
    </testcase>
    <testcase classname="AdminSessionsModal fetches sessions when modal opens with a username" name="AdminSessionsModal fetches sessions when modal opens with a username" time="0.18">
    </testcase>
    <testcase classname="AdminSessionsModal clears sessions and errors when modal is closed" name="AdminSessionsModal clears sessions and errors when modal is closed" time="0.365">
    </testcase>
    <testcase classname="AdminSessionsModal shows browser and OS info when available" name="AdminSessionsModal shows browser and OS info when available" time="0.215">
    </testcase>
    <testcase classname="AdminSessionsModal renders phone icon for mobile device sessions" name="AdminSessionsModal renders phone icon for mobile device sessions" time="0.268">
    </testcase>
    <testcase classname="AdminSessionsModal renders tablet icon for tablet device sessions" name="AdminSessionsModal renders tablet icon for tablet device sessions" time="0.252">
    </testcase>
    <testcase classname="AdminSessionsModal handles sessions with invalid datetime strings without crashing" name="AdminSessionsModal handles sessions with invalid datetime strings without crashing" time="0.229">
    </testcase>
  </testsuite>
  <testsuite name="ViewClientModal" errors="0" failures="0" skipped="1" timestamp="2026-04-14T10:15:18" time="101.799" tests="20">
    <testcase classname="ViewClientModal should render modal when open" name="ViewClientModal should render modal when open" time="0.721">
    </testcase>
    <testcase classname="ViewClientModal should not render modal when closed" name="ViewClientModal should not render modal when closed" time="0.009">
    </testcase>
    <testcase classname="ViewClientModal should load and display client details" name="ViewClientModal should load and display client details" time="0.741">
    </testcase>
    <testcase classname="ViewClientModal should handle loading error" name="ViewClientModal should handle loading error" time="0.184">
    </testcase>
    <testcase classname="ViewClientModal should handle response without data" name="ViewClientModal should handle response without data" time="0.169">
    </testcase>
    <testcase classname="ViewClientModal should toggle client secret visibility" name="ViewClientModal should toggle client secret visibility" time="3.141">
    </testcase>
    <testcase classname="ViewClientModal should copy client ID to clipboard" name="ViewClientModal should copy client ID to clipboard" time="0">
      <skipped/>
    </testcase>
    <testcase classname="ViewClientModal should display token validity in human-readable format" name="ViewClientModal should display token validity in human-readable format" time="0.437">
    </testcase>
    <testcase classname="ViewClientModal should display authorization grant types as chips" name="ViewClientModal should display authorization grant types as chips" time="0.39">
    </testcase>
    <testcase classname="ViewClientModal should display scopes as chips" name="ViewClientModal should display scopes as chips" time="0.401">
    </testcase>
    <testcase classname="ViewClientModal should display redirect URIs with copy functionality" name="ViewClientModal should display redirect URIs with copy functionality" time="0.444">
    </testcase>
    <testcase classname="ViewClientModal should display post logout redirect URIs when available" name="ViewClientModal should display post logout redirect URIs when available" time="0.296">
    </testcase>
    <testcase classname="ViewClientModal should not display post logout section if URIs are empty" name="ViewClientModal should not display post logout section if URIs are empty" time="0.381">
    </testcase>
    <testcase classname="ViewClientModal should display authorization consent setting" name="ViewClientModal should display authorization consent setting" time="0.356">
    </testcase>
    <testcase classname="ViewClientModal should display requested by information" name="ViewClientModal should display requested by information" time="0.373">
    </testcase>
    <testcase classname="ViewClientModal should display additional information when available" name="ViewClientModal should display additional information when available" time="0.433">
    </testcase>
    <testcase classname="ViewClientModal should close modal when close button is clicked" name="ViewClientModal should close modal when close button is clicked" time="0.747">
    </testcase>
    <testcase classname="ViewClientModal should auto-hide copy success message after 2 seconds" name="ViewClientModal should auto-hide copy success message after 2 seconds" time="1.904">
    </testcase>
    <testcase classname="ViewClientModal should handle token validity of 0 seconds" name="ViewClientModal should handle token validity of 0 seconds" time="0.209">
    </testcase>
    <testcase classname="ViewClientModal should handle undefined token validity" name="ViewClientModal should handle undefined token validity" time="0.417">
    </testcase>
  </testsuite>
  <testsuite name="ClientFormFields" errors="0" failures="0" skipped="0" timestamp="2026-04-14T10:15:18" time="109.272" tests="20">
    <testcase classname="ClientFormFields Basic Information Fields should render all basic information fields" name="ClientFormFields Basic Information Fields should render all basic information fields" time="1.688">
    </testcase>
    <testcase classname="ClientFormFields Basic Information Fields should display form data values" name="ClientFormFields Basic Information Fields should display form data values" time="0.538">
    </testcase>
    <testcase classname="ClientFormFields Basic Information Fields should call onInputChange when client name changes" name="ClientFormFields Basic Information Fields should call onInputChange when client name changes" time="1.444">
    </testcase>
    <testcase classname="ClientFormFields Basic Information Fields should disable client ID when clientIdReadOnly is true" name="ClientFormFields Basic Information Fields should disable client ID when clientIdReadOnly is true" time="0.501">
    </testcase>
    <testcase classname="ClientFormFields Basic Information Fields should enable client ID when clientIdReadOnly is false" name="ClientFormFields Basic Information Fields should enable client ID when clientIdReadOnly is false" time="0.463">
    </testcase>
    <testcase classname="ClientFormFields OAuth2 Configuration should render OAuth2 configuration fields" name="ClientFormFields OAuth2 Configuration should render OAuth2 configuration fields" time="0.42">
    </testcase>
    <testcase classname="ClientFormFields OAuth2 Configuration should display selected grant types as chips" name="ClientFormFields OAuth2 Configuration should display selected grant types as chips" time="0.419">
    </testcase>
    <testcase classname="ClientFormFields OAuth2 Configuration should display selected scopes as chips" name="ClientFormFields OAuth2 Configuration should display selected scopes as chips" time="0.34">
    </testcase>
    <testcase classname="ClientFormFields URI Configuration should render URI accordion" name="ClientFormFields URI Configuration should render URI accordion" time="1.4">
    </testcase>
    <testcase classname="ClientFormFields URI Configuration should display redirect URIs" name="ClientFormFields URI Configuration should display redirect URIs" time="0.559">
    </testcase>
    <testcase classname="ClientFormFields URI Configuration should call onAddArrayField when adding a redirect URI" name="ClientFormFields URI Configuration should call onAddArrayField when adding a redirect URI" time="2.601">
    </testcase>
    <testcase classname="ClientFormFields URI Configuration should call onArrayFieldChange when URI value changes" name="ClientFormFields URI Configuration should call onArrayFieldChange when URI value changes" time="2.355">
    </testcase>
    <testcase classname="ClientFormFields URI Configuration should show delete button for multiple URIs" name="ClientFormFields URI Configuration should show delete button for multiple URIs" time="1.889">
    </testcase>
    <testcase classname="ClientFormFields URI Configuration should call onRemoveArrayField when deleting a URI" name="ClientFormFields URI Configuration should call onRemoveArrayField when deleting a URI" time="1.975">
    </testcase>
    <testcase classname="ClientFormFields Token Validity Configuration should render token validity accordion" name="ClientFormFields Token Validity Configuration should render token validity accordion" time="0.721">
    </testcase>
    <testcase classname="ClientFormFields Token Validity Configuration should display token validity values" name="ClientFormFields Token Validity Configuration should display token validity values" time="0.465">
    </testcase>
    <testcase classname="ClientFormFields Token Validity Configuration should call onInputChange when token validity changes" name="ClientFormFields Token Validity Configuration should call onInputChange when token validity changes" time="0.863">
    </testcase>
    <testcase classname="ClientFormFields Advanced Settings should render advanced settings accordion" name="ClientFormFields Advanced Settings should render advanced settings accordion" time="0.43">
    </testcase>
    <testcase classname="ClientFormFields Advanced Settings should toggle authorization consent switch" name="ClientFormFields Advanced Settings should toggle authorization consent switch" time="1.702">
    </testcase>
    <testcase classname="ClientFormFields Advanced Settings should call onInputChange when additional information changes" name="ClientFormFields Advanced Settings should call onInputChange when additional information changes" time="2.027">
    </testcase>
  </testsuite>
  <testsuite name="UserApproval Component" errors="0" failures="0" skipped="0" timestamp="2026-04-14T10:15:19" time="129.678" tests="33">
    <testcase classname="UserApproval Component Rendering renders the component with title" name="UserApproval Component Rendering renders the component with title" time="1.014">
    </testcase>
    <testcase classname="UserApproval Component Rendering renders both tabs" name="UserApproval Component Rendering renders both tabs" time="0.664">
    </testcase>
    <testcase classname="UserApproval Component Rendering displays pending users count in tab" name="UserApproval Component Rendering displays pending users count in tab" time="0.748">
    </testcase>
    <testcase classname="UserApproval Component Rendering loads and displays pending users on mount" name="UserApproval Component Rendering loads and displays pending users on mount" time="0.394">
    </testcase>
    <testcase classname="UserApproval Component Rendering shows loading state" name="UserApproval Component Rendering shows loading state" time="0.948">
    </testcase>
    <testcase classname="UserApproval Component Rendering shows empty state when no pending users" name="UserApproval Component Rendering shows empty state when no pending users" time="0.24">
    </testcase>
    <testcase classname="UserApproval Component Tab Navigation switches to deactivated users tab" name="UserApproval Component Tab Navigation switches to deactivated users tab" time="0.774">
    </testcase>
    <testcase classname="UserApproval Component Tab Navigation loads deactivated users when switching tabs" name="UserApproval Component Tab Navigation loads deactivated users when switching tabs" time="0.479">
    </testcase>
    <testcase classname="UserApproval Component User Approval Flow opens approval dialog when approve button clicked" name="UserApproval Component User Approval Flow opens approval dialog when approve button clicked" time="1.923">
    </testcase>
    <testcase classname="UserApproval Component User Approval Flow fetches complete user data when opening approval dialog" name="UserApproval Component User Approval Flow fetches complete user data when opening approval dialog" time="1.328">
    </testcase>
    <testcase classname="UserApproval Component User Approval Flow initializes account mappings in approval dialog" name="UserApproval Component User Approval Flow initializes account mappings in approval dialog" time="1.226">
    </testcase>
    <testcase classname="UserApproval Component User Approval Flow submits approval with correct operations" name="UserApproval Component User Approval Flow submits approval with correct operations" time="1.918">
    </testcase>
    <testcase classname="UserApproval Component User Approval Flow shows success message after approval" name="UserApproval Component User Approval Flow shows success message after approval" time="2.429">
    </testcase>
    <testcase classname="UserApproval Component User Approval Flow handles approval error" name="UserApproval Component User Approval Flow handles approval error" time="3.269">
    </testcase>
    <testcase classname="UserApproval Component User Rejection Flow opens reject dialog when reject button clicked" name="UserApproval Component User Rejection Flow opens reject dialog when reject button clicked" time="1.002">
    </testcase>
    <testcase classname="UserApproval Component User Rejection Flow requires rejection reason" name="UserApproval Component User Rejection Flow requires rejection reason" time="1.628">
    </testcase>
    <testcase classname="UserApproval Component User Rejection Flow enables submit button when reason provided" name="UserApproval Component User Rejection Flow enables submit button when reason provided" time="1.845">
    </testcase>
    <testcase classname="UserApproval Component User Rejection Flow submits rejection with correct status change" name="UserApproval Component User Rejection Flow submits rejection with correct status change" time="2.773">
    </testcase>
    <testcase classname="UserApproval Component User Rejection Flow shows success message after rejection" name="UserApproval Component User Rejection Flow shows success message after rejection" time="2.301">
    </testcase>
    <testcase classname="UserApproval Component User Reactivation Flow opens reactivate dialog when button clicked" name="UserApproval Component User Reactivation Flow opens reactivate dialog when button clicked" time="0.664">
    </testcase>
    <testcase classname="UserApproval Component User Reactivation Flow submits reactivation with correct status change" name="UserApproval Component User Reactivation Flow submits reactivation with correct status change" time="1.851">
    </testcase>
    <testcase classname="UserApproval Component User Reactivation Flow shows success message after reactivation" name="UserApproval Component User Reactivation Flow shows success message after reactivation" time="1.773">
    </testcase>
    <testcase classname="UserApproval Component Account and Role Management toggles account selection in approval dialog" name="UserApproval Component Account and Role Management toggles account selection in approval dialog" time="1.784">
    </testcase>
    <testcase classname="UserApproval Component Account and Role Management prevents deselecting last account" name="UserApproval Component Account and Role Management prevents deselecting last account" time="1.132">
    </testcase>
    <testcase classname="UserApproval Component Account and Role Management displays warning when no accounts selected" name="UserApproval Component Account and Role Management displays warning when no accounts selected" time="0.928">
    </testcase>
    <testcase classname="UserApproval Component Pagination changes page for pending users" name="UserApproval Component Pagination changes page for pending users" time="0.786">
    </testcase>
    <testcase classname="UserApproval Component Pagination changes rows per page" name="UserApproval Component Pagination changes rows per page" time="0.33">
    </testcase>
    <testcase classname="UserApproval Component Error Handling shows empty state when loading fails" name="UserApproval Component Error Handling shows empty state when loading fails" time="0.144">
    </testcase>
    <testcase classname="UserApproval Component Error Handling shows dialog error when user data fetch fails" name="UserApproval Component Error Handling shows dialog error when user data fetch fails" time="1.08">
    </testcase>
    <testcase classname="UserApproval Component Refresh Functionality refreshes pending users when refresh button clicked" name="UserApproval Component Refresh Functionality refreshes pending users when refresh button clicked" time="0.291">
    </testcase>
    <testcase classname="UserApproval Component Refresh Functionality refreshes deactivated users when on deactivated tab" name="UserApproval Component Refresh Functionality refreshes deactivated users when on deactivated tab" time="0.274">
    </testcase>
    <testcase classname="UserApproval Component Status Display displays correct status chip colors" name="UserApproval Component Status Display displays correct status chip colors" time="0.166">
    </testcase>
    <testcase classname="UserApproval Component Status Display shows user details correctly" name="UserApproval Component Status Display shows user details correctly" time="0.213">
    </testcase>
  </testsuite>
  <testsuite name="EditUserModal" errors="0" failures="0" skipped="0" timestamp="2026-04-14T10:15:18" time="134.856" tests="26">
    <testcase classname="EditUserModal Rendering should not render when open is false" name="EditUserModal Rendering should not render when open is false" time="0.503">
    </testcase>
    <testcase classname="EditUserModal Rendering should render when open is true with user data" name="EditUserModal Rendering should render when open is true with user data" time="1.561">
    </testcase>
    <testcase classname="EditUserModal Rendering should render all form fields" name="EditUserModal Rendering should render all form fields" time="0.889">
    </testcase>
    <testcase classname="EditUserModal Rendering should render form sections" name="EditUserModal Rendering should render form sections" time="0.931">
    </testcase>
    <testcase classname="EditUserModal Form Population should populate form with user data" name="EditUserModal Form Population should populate form with user data" time="0.815">
    </testcase>
    <testcase classname="EditUserModal Form Population should handle null user gracefully" name="EditUserModal Form Population should handle null user gracefully" time="0.338">
    </testcase>
    <testcase classname="EditUserModal Form Interactions should update first name on input" name="EditUserModal Form Interactions should update first name on input" time="3.44">
    </testcase>
    <testcase classname="EditUserModal Form Interactions should handle notification consent checkbox" name="EditUserModal Form Interactions should handle notification consent checkbox" time="1.345">
    </testcase>
    <testcase classname="EditUserModal Form Validation should prevent submission when form is invalid" name="EditUserModal Form Validation should prevent submission when form is invalid" time="1.273">
    </testcase>
    <testcase classname="EditUserModal Form Submission should successfully update user when valid data is provided" name="EditUserModal Form Submission should successfully update user when valid data is provided" time="3.94">
    </testcase>
    <testcase classname="EditUserModal Form Submission should handle API errors during update" name="EditUserModal Form Submission should handle API errors during update" time="4.527">
    </testcase>
    <testcase classname="EditUserModal Form Submission should show error when no changes detected" name="EditUserModal Form Submission should show error when no changes detected" time="1.43">
    </testcase>
    <testcase classname="EditUserModal Form Submission should require user to be selected for submission" name="EditUserModal Form Submission should require user to be selected for submission" time="1.278">
    </testcase>
    <testcase classname="EditUserModal Form Submission should show loading state while updating" name="EditUserModal Form Submission should show loading state while updating" time="4.327">
    </testcase>
    <testcase classname="EditUserModal Status Management should display user status in form" name="EditUserModal Status Management should display user status in form" time="0.488">
    </testcase>
    <testcase classname="EditUserModal Modal Actions should call onClose when Cancel button is clicked" name="EditUserModal Modal Actions should call onClose when Cancel button is clicked" time="0.968">
    </testcase>
    <testcase classname="EditUserModal Modal Actions should call onClose when dialog backdrop is clicked" name="EditUserModal Modal Actions should call onClose when dialog backdrop is clicked" time="0.571">
    </testcase>
    <testcase classname="EditUserModal Loading States should render loading state" name="EditUserModal Loading States should render loading state" time="0.731">
    </testcase>
    <testcase classname="EditUserModal Additional Field Updates should update email field" name="EditUserModal Additional Field Updates should update email field" time="3.242">
    </testcase>
    <testcase classname="EditUserModal Additional Field Updates should update phone number field" name="EditUserModal Additional Field Updates should update phone number field" time="2.164">
    </testcase>
    <testcase classname="EditUserModal Additional Field Updates should update address fields" name="EditUserModal Additional Field Updates should update address fields" time="1.598">
    </testcase>
    <testcase classname="EditUserModal Additional Field Updates should update multiple fields and submit changes" name="EditUserModal Additional Field Updates should update multiple fields and submit changes" time="2.758">
    </testcase>
    <testcase classname="EditUserModal Status Change should handle status dropdown changes" name="EditUserModal Status Change should handle status dropdown changes" time="0.415">
    </testcase>
    <testcase classname="EditUserModal Error Handling should clear errors when form is modified after error" name="EditUserModal Error Handling should clear errors when form is modified after error" time="2.623">
    </testcase>
    <testcase classname="EditUserModal Error Handling should prevent submission with empty required fields" name="EditUserModal Error Handling should prevent submission with empty required fields" time="0.935">
    </testcase>
    <testcase classname="EditUserModal Form Reset should reset form when user prop changes" name="EditUserModal Form Reset should reset form when user prop changes" time="0.634">
    </testcase>
  </testsuite>
  <testsuite name="ClientManagement" errors="0" failures="0" skipped="0" timestamp="2026-04-14T10:15:18" time="136.411" tests="22">
    <testcase classname="ClientManagement Initial Load should render loading state initially" name="ClientManagement Initial Load should render loading state initially" time="0.19">
    </testcase>
    <testcase classname="ClientManagement Initial Load should load and display clients" name="ClientManagement Initial Load should load and display clients" time="1.15">
    </testcase>
    <testcase classname="ClientManagement Initial Load should display error message when loading fails" name="ClientManagement Initial Load should display error message when loading fails" time="1.157">
    </testcase>
    <testcase classname="ClientManagement Initial Load should show empty state when no clients are available" name="ClientManagement Initial Load should show empty state when no clients are available" time="0.658">
    </testcase>
    <testcase classname="ClientManagement Status Colors should display correct chip colors for different statuses" name="ClientManagement Status Colors should display correct chip colors for different statuses" time="1.308">
    </testcase>
    <testcase classname="ClientManagement Client Actions should open create client modal when clicking register button" name="ClientManagement Client Actions should open create client modal when clicking register button" time="2.723">
    </testcase>
    <testcase classname="ClientManagement Client Actions should open action menu when clicking more actions button" name="ClientManagement Client Actions should open action menu when clicking more actions button" time="2.739">
    </testcase>
    <testcase classname="ClientManagement Client Actions should open view modal when clicking view details" name="ClientManagement Client Actions should open view modal when clicking view details" time="2.2">
    </testcase>
    <testcase classname="ClientManagement Client Actions should open edit modal when clicking edit client" name="ClientManagement Client Actions should open edit modal when clicking edit client" time="1.943">
    </testcase>
    <testcase classname="ClientManagement Client Actions should copy client ID to clipboard" name="ClientManagement Client Actions should copy client ID to clipboard" time="2.121">
    </testcase>
    <testcase classname="ClientManagement Client Actions should open delete confirmation dialog" name="ClientManagement Client Actions should open delete confirmation dialog" time="2.748">
    </testcase>
    <testcase classname="ClientManagement Client Actions should delete client when confirmed" name="ClientManagement Client Actions should delete client when confirmed" time="3.621">
    </testcase>
    <testcase classname="ClientManagement Client Actions should handle delete error" name="ClientManagement Client Actions should handle delete error" time="3.585">
    </testcase>
    <testcase classname="ClientManagement Client Actions should cancel delete when clicking cancel button" name="ClientManagement Client Actions should cancel delete when clicking cancel button" time="3.839">
    </testcase>
    <testcase classname="ClientManagement Modal Interactions should close create modal and reload clients after saving" name="ClientManagement Modal Interactions should close create modal and reload clients after saving" time="2.054">
    </testcase>
    <testcase classname="ClientManagement Modal Interactions should close edit modal and reload clients after saving" name="ClientManagement Modal Interactions should close edit modal and reload clients after saving" time="6.078">
    </testcase>
    <testcase classname="ClientManagement Modal Interactions should close modals when clicking close button" name="ClientManagement Modal Interactions should close modals when clicking close button" time="2.02">
    </testcase>
    <testcase classname="ClientManagement Grant Types and Scopes Display should display all grant types as chips" name="ClientManagement Grant Types and Scopes Display should display all grant types as chips" time="0.662">
    </testcase>
    <testcase classname="ClientManagement Grant Types and Scopes Display should display first 3 scopes and show more count for additional scopes" name="ClientManagement Grant Types and Scopes Display should display first 3 scopes and show more count for additional scopes" time="0.634">
    </testcase>
    <testcase classname="ClientManagement Error and Success Messages should dismiss error message when clicking close" name="ClientManagement Error and Success Messages should dismiss error message when clicking close" time="1.16">
    </testcase>
    <testcase classname="ClientManagement Error and Success Messages should auto-dismiss success message after 5 seconds" name="ClientManagement Error and Success Messages should auto-dismiss success message after 5 seconds" time="2.185">
    </testcase>
    <testcase classname="ClientManagement Refresh Functionality should reload clients when refresh is triggered" name="ClientManagement Refresh Functionality should reload clients when refresh is triggered" time="0.717">
    </testcase>
  </testsuite>
  <testsuite name="RoleManagement" errors="0" failures="0" skipped="0" timestamp="2026-04-14T10:15:19" time="139.699" tests="22">
    <testcase classname="RoleManagement Initial Rendering renders role management title and subtitle" name="RoleManagement Initial Rendering renders role management title and subtitle" time="1.333">
    </testcase>
    <testcase classname="RoleManagement Initial Rendering shows loading state initially" name="RoleManagement Initial Rendering shows loading state initially" time="0.772">
    </testcase>
    <testcase classname="RoleManagement Initial Rendering loads and displays roles after loading" name="RoleManagement Initial Rendering loads and displays roles after loading" time="0.633">
    </testcase>
    <testcase classname="RoleManagement Initial Rendering loads available scopes on mount" name="RoleManagement Initial Rendering loads available scopes on mount" time="0.148">
    </testcase>
    <testcase classname="RoleManagement Search Functionality allows searching for roles" name="RoleManagement Search Functionality allows searching for roles" time="3.684">
    </testcase>
    <testcase classname="RoleManagement Search Functionality searches on Enter key press" name="RoleManagement Search Functionality searches on Enter key press" time="1.846">
    </testcase>
    <testcase classname="RoleManagement Search Functionality shows no results message when search returns empty" name="RoleManagement Search Functionality shows no results message when search returns empty" time="2.139">
    </testcase>
    <testcase classname="RoleManagement Create Role opens create dialog when Create Role button is clicked" name="RoleManagement Create Role opens create dialog when Create Role button is clicked" time="1.809">
    </testcase>
    <testcase classname="RoleManagement Create Role validates required fields when creating role" name="RoleManagement Create Role validates required fields when creating role" time="1.974">
    </testcase>
    <testcase classname="RoleManagement Create Role creates role successfully with valid data" name="RoleManagement Create Role creates role successfully with valid data" time="6.353">
    </testcase>
    <testcase classname="RoleManagement Edit Role opens edit dialog with role data" name="RoleManagement Edit Role opens edit dialog with role data" time="2.482">
    </testcase>
    <testcase classname="RoleManagement Edit Role disables editing system roles" name="RoleManagement Edit Role disables editing system roles" time="2.299">
    </testcase>
    <testcase classname="RoleManagement Edit Role updates role successfully" name="RoleManagement Edit Role updates role successfully" time="6.062">
    </testcase>
    <testcase classname="RoleManagement Delete Role opens delete confirmation dialog" name="RoleManagement Delete Role opens delete confirmation dialog" time="1.895">
    </testcase>
    <testcase classname="RoleManagement Delete Role disables deleting system roles" name="RoleManagement Delete Role disables deleting system roles" time="1.524">
    </testcase>
    <testcase classname="RoleManagement Delete Role deletes role on confirmation" name="RoleManagement Delete Role deletes role on confirmation" time="2.531">
    </testcase>
    <testcase classname="RoleManagement Delete Role cancels delete operation" name="RoleManagement Delete Role cancels delete operation" time="3.467">
    </testcase>
    <testcase classname="RoleManagement Error Handling displays error when fetching roles fails" name="RoleManagement Error Handling displays error when fetching roles fails" time="0.23">
    </testcase>
    <testcase classname="RoleManagement Error Handling displays error when creating role fails" name="RoleManagement Error Handling displays error when creating role fails" time="4.075">
    </testcase>
    <testcase classname="RoleManagement Scope Display displays scopes with correct colors" name="RoleManagement Scope Display displays scopes with correct colors" time="0.712">
    </testcase>
    <testcase classname="RoleManagement Scope Display shows &quot;+X more&quot; for roles with many scopes" name="RoleManagement Scope Display shows &quot;+X more&quot; for roles with many scopes" time="0.622">
    </testcase>
    <testcase classname="RoleManagement Refresh Functionality refreshes roles and clears search" name="RoleManagement Refresh Functionality refreshes roles and clears search" time="2.117">
    </testcase>
  </testsuite>
  <testsuite name="CreateEditClientModal" errors="0" failures="0" skipped="2" timestamp="2026-04-14T10:15:30" time="145.858" tests="30">
    <testcase classname="CreateEditClientModal Create Mode - Comprehensive Tests should render all form sections" name="CreateEditClientModal Create Mode - Comprehensive Tests should render all form sections" time="1.736">
    </testcase>
    <testcase classname="CreateEditClientModal Create Mode - Comprehensive Tests should handle complete form submission with all fields filled" name="CreateEditClientModal Create Mode - Comprehensive Tests should handle complete form submission with all fields filled" time="0">
      <skipped/>
    </testcase>
    <testcase classname="CreateEditClientModal Create Mode - Comprehensive Tests should validate required fields before submission" name="CreateEditClientModal Create Mode - Comprehensive Tests should validate required fields before submission" time="1.644">
    </testcase>
    <testcase classname="CreateEditClientModal Create Mode - Comprehensive Tests should clear errors when user corrects input" name="CreateEditClientModal Create Mode - Comprehensive Tests should clear errors when user corrects input" time="7.543">
    </testcase>
    <testcase classname="CreateEditClientModal Create Mode - Comprehensive Tests should handle API error with specific error message" name="CreateEditClientModal Create Mode - Comprehensive Tests should handle API error with specific error message" time="6.205">
    </testcase>
    <testcase classname="CreateEditClientModal Create Mode - Comprehensive Tests should handle network error gracefully" name="CreateEditClientModal Create Mode - Comprehensive Tests should handle network error gracefully" time="0">
      <skipped/>
    </testcase>
    <testcase classname="CreateEditClientModal Create Mode - Comprehensive Tests should disable form during submission" name="CreateEditClientModal Create Mode - Comprehensive Tests should disable form during submission" time="4.606">
    </testcase>
    <testcase classname="CreateEditClientModal Edit Mode - Comprehensive Tests should load and display existing client data" name="CreateEditClientModal Edit Mode - Comprehensive Tests should load and display existing client data" time="0.889">
    </testcase>
    <testcase classname="CreateEditClientModal Edit Mode - Comprehensive Tests should prevent editing clientId in edit mode" name="CreateEditClientModal Edit Mode - Comprehensive Tests should prevent editing clientId in edit mode" time="0.942">
    </testcase>
    <testcase classname="CreateEditClientModal Edit Mode - Comprehensive Tests should update client with modified fields" name="CreateEditClientModal Edit Mode - Comprehensive Tests should update client with modified fields" time="7.112">
    </testcase>
    <testcase classname="CreateEditClientModal Edit Mode - Comprehensive Tests should handle update validation errors" name="CreateEditClientModal Edit Mode - Comprehensive Tests should handle update validation errors" time="1.54">
    </testcase>
    <testcase classname="CreateEditClientModal Edit Mode - Comprehensive Tests should handle update API failure" name="CreateEditClientModal Edit Mode - Comprehensive Tests should handle update API failure" time="2.152">
    </testcase>
    <testcase classname="CreateEditClientModal Edit Mode - Comprehensive Tests should show loading state while fetching client details" name="CreateEditClientModal Edit Mode - Comprehensive Tests should show loading state while fetching client details" time="0.712">
    </testcase>
    <testcase classname="CreateEditClientModal URI Management should add multiple redirect URIs" name="CreateEditClientModal URI Management should add multiple redirect URIs" time="2.048">
    </testcase>
    <testcase classname="CreateEditClientModal URI Management should remove redirect URI" name="CreateEditClientModal URI Management should remove redirect URI" time="2.191">
    </testcase>
    <testcase classname="CreateEditClientModal URI Management should add and remove post-logout redirect URIs" name="CreateEditClientModal URI Management should add and remove post-logout redirect URIs" time="2.029">
    </testcase>
    <testcase classname="CreateEditClientModal URI Management should validate URI formats" name="CreateEditClientModal URI Management should validate URI formats" time="2.207">
    </testcase>
    <testcase classname="CreateEditClientModal Token Validity Configuration should update all token validity fields" name="CreateEditClientModal Token Validity Configuration should update all token validity fields" time="4.179">
    </testcase>
    <testcase classname="CreateEditClientModal Token Validity Configuration should validate token validity values" name="CreateEditClientModal Token Validity Configuration should validate token validity values" time="2.647">
    </testcase>
    <testcase classname="CreateEditClientModal Advanced Settings should toggle all advanced settings" name="CreateEditClientModal Advanced Settings should toggle all advanced settings" time="1.44">
    </testcase>
    <testcase classname="CreateEditClientModal Advanced Settings should handle additional information input" name="CreateEditClientModal Advanced Settings should handle additional information input" time="7.971">
    </testcase>
    <testcase classname="CreateEditClientModal Advanced Settings should change client status" name="CreateEditClientModal Advanced Settings should change client status" time="0.309">
    </testcase>
    <testcase classname="CreateEditClientModal OAuth2 Configuration should select multiple grant types" name="CreateEditClientModal OAuth2 Configuration should select multiple grant types" time="0.306">
    </testcase>
    <testcase classname="CreateEditClientModal OAuth2 Configuration should select multiple authentication methods" name="CreateEditClientModal OAuth2 Configuration should select multiple authentication methods" time="0.298">
    </testcase>
    <testcase classname="CreateEditClientModal OAuth2 Configuration should select multiple scopes" name="CreateEditClientModal OAuth2 Configuration should select multiple scopes" time="0.314">
    </testcase>
    <testcase classname="CreateEditClientModal Modal Interaction should close modal on cancel without saving" name="CreateEditClientModal Modal Interaction should close modal on cancel without saving" time="0.932">
    </testcase>
    <testcase classname="CreateEditClientModal Modal Interaction should not close modal when clicking inside" name="CreateEditClientModal Modal Interaction should not close modal when clicking inside" time="0.286">
    </testcase>
    <testcase classname="CreateEditClientModal Modal Interaction should reset form when modal is closed and reopened" name="CreateEditClientModal Modal Interaction should reset form when modal is closed and reopened" time="1.902">
    </testcase>
    <testcase classname="CreateEditClientModal Error Handling should display multiple validation errors simultaneously" name="CreateEditClientModal Error Handling should display multiple validation errors simultaneously" time="0.99">
    </testcase>
    <testcase classname="CreateEditClientModal Error Handling should clear all errors after successful submission" name="CreateEditClientModal Error Handling should clear all errors after successful submission" time="5.391">
    </testcase>
  </testsuite>
  <testsuite name="CreateUserModal" errors="0" failures="0" skipped="25" timestamp="2026-04-14T10:15:19" time="158.817" tests="59">
    <testcase classname="CreateUserModal Rendering should render modal when open is true" name="CreateUserModal Rendering should render modal when open is true" time="2.322">
    </testcase>
    <testcase classname="CreateUserModal Rendering should not render modal when open is false" name="CreateUserModal Rendering should not render modal when open is false" time="0.023">
    </testcase>
    <testcase classname="CreateUserModal Rendering should render all required form fields" name="CreateUserModal Rendering should render all required form fields" time="0.662">
    </testcase>
    <testcase classname="CreateUserModal Rendering should render optional contact information fields" name="CreateUserModal Rendering should render optional contact information fields" time="0.608">
    </testcase>
    <testcase classname="CreateUserModal Rendering should render account and role assignments section" name="CreateUserModal Rendering should render account and role assignments section" time="0.472">
    </testcase>
    <testcase classname="CreateUserModal Rendering should render action buttons" name="CreateUserModal Rendering should render action buttons" time="1.849">
    </testcase>
    <testcase classname="CreateUserModal Rendering should render notification consent checkbox" name="CreateUserModal Rendering should render notification consent checkbox" time="0.498">
    </testcase>
    <testcase classname="CreateUserModal Rendering should display section headers with icons" name="CreateUserModal Rendering should display section headers with icons" time="0.454">
    </testcase>
    <testcase classname="CreateUserModal Form Validation - validateForm() should show error when first name is empty" name="CreateUserModal Form Validation - validateForm() should show error when first name is empty" time="1.22">
    </testcase>
    <testcase classname="CreateUserModal Form Validation - validateForm() should show error when last name is empty" name="CreateUserModal Form Validation - validateForm() should show error when last name is empty" time="1.053">
    </testcase>
    <testcase classname="CreateUserModal Form Validation - validateForm() should show error when email is empty" name="CreateUserModal Form Validation - validateForm() should show error when email is empty" time="0.974">
    </testcase>
    <testcase classname="CreateUserModal Form Validation - validateForm() should show error when email format is invalid" name="CreateUserModal Form Validation - validateForm() should show error when email format is invalid" time="4.506">
    </testcase>
    <testcase classname="CreateUserModal Form Validation - validateForm() should accept valid email formats" name="CreateUserModal Form Validation - validateForm() should accept valid email formats" time="2.851">
    </testcase>
    <testcase classname="CreateUserModal Form Validation - validateForm() should validate email with subdomain" name="CreateUserModal Form Validation - validateForm() should validate email with subdomain" time="0">
      <skipped/>
    </testcase>
    <testcase classname="CreateUserModal Form Validation - validateForm() should show error when username is empty" name="CreateUserModal Form Validation - validateForm() should show error when username is empty" time="0.823">
    </testcase>
    <testcase classname="CreateUserModal Form Validation - validateForm() should show error when username contains spaces" name="CreateUserModal Form Validation - validateForm() should show error when username contains spaces" time="3.016">
    </testcase>
    <testcase classname="CreateUserModal Form Validation - validateForm() should show error when username contains special characters" name="CreateUserModal Form Validation - validateForm() should show error when username contains special characters" time="0">
      <skipped/>
    </testcase>
    <testcase classname="CreateUserModal Form Validation - validateForm() should accept valid username with allowed characters" name="CreateUserModal Form Validation - validateForm() should accept valid username with allowed characters" time="0">
      <skipped/>
    </testcase>
    <testcase classname="CreateUserModal Form Validation - validateForm() should show error when password is empty" name="CreateUserModal Form Validation - validateForm() should show error when password is empty" time="0.84">
    </testcase>
    <testcase classname="CreateUserModal Form Validation - validateForm() should show error when password is less than 8 characters" name="CreateUserModal Form Validation - validateForm() should show error when password is less than 8 characters" time="1.796">
    </testcase>
    <testcase classname="CreateUserModal Form Validation - validateForm() should accept password with 8 or more characters" name="CreateUserModal Form Validation - validateForm() should accept password with 8 or more characters" time="0">
      <skipped/>
    </testcase>
    <testcase classname="CreateUserModal Form Validation - validateForm() should show error when confirm password is empty" name="CreateUserModal Form Validation - validateForm() should show error when confirm password is empty" time="1.068">
    </testcase>
    <testcase classname="CreateUserModal Form Validation - validateForm() should show error when passwords do not match" name="CreateUserModal Form Validation - validateForm() should show error when passwords do not match" time="0">
      <skipped/>
    </testcase>
    <testcase classname="CreateUserModal Form Validation - validateForm() should not show errors when all required fields are valid" name="CreateUserModal Form Validation - validateForm() should not show errors when all required fields are valid" time="0">
      <skipped/>
    </testcase>
    <testcase classname="CreateUserModal Form Validation - validateForm() should validate multiple fields simultaneously" name="CreateUserModal Form Validation - validateForm() should validate multiple fields simultaneously" time="0.822">
    </testcase>
    <testcase classname="CreateUserModal Form Submission should call UserService.createUserV2 with correct data on valid form submission" name="CreateUserModal Form Submission should call UserService.createUserV2 with correct data on valid form submission" time="0">
      <skipped/>
    </testcase>
    <testcase classname="CreateUserModal Form Submission should call onUserCreated and onClose on successful user creation" name="CreateUserModal Form Submission should call onUserCreated and onClose on successful user creation" time="9.265">
    </testcase>
    <testcase classname="CreateUserModal Form Submission should handle successful creation with data property" name="CreateUserModal Form Submission should handle successful creation with data property" time="0">
      <skipped/>
    </testcase>
    <testcase classname="CreateUserModal Form Submission should display error message on API failure" name="CreateUserModal Form Submission should display error message on API failure" time="0">
      <skipped/>
    </testcase>
    <testcase classname="CreateUserModal Form Submission should display error when API returns error message" name="CreateUserModal Form Submission should display error when API returns error message" time="7.809">
    </testcase>
    <testcase classname="CreateUserModal Form Submission should show loading state during submission" name="CreateUserModal Form Submission should show loading state during submission" time="7.102">
    </testcase>
    <testcase classname="CreateUserModal Form Submission should disable buttons during loading" name="CreateUserModal Form Submission should disable buttons during loading" time="7.578">
    </testcase>
    <testcase classname="CreateUserModal Form Submission should not submit if validation fails" name="CreateUserModal Form Submission should not submit if validation fails" time="0.847">
    </testcase>
    <testcase classname="CreateUserModal Form Submission should include optional fields when provided" name="CreateUserModal Form Submission should include optional fields when provided" time="0">
      <skipped/>
    </testcase>
    <testcase classname="CreateUserModal Form Submission should handle unexpected errors gracefully" name="CreateUserModal Form Submission should handle unexpected errors gracefully" time="0">
      <skipped/>
    </testcase>
    <testcase classname="CreateUserModal User Interactions should update first name field on input" name="CreateUserModal User Interactions should update first name field on input" time="0">
      <skipped/>
    </testcase>
    <testcase classname="CreateUserModal User Interactions should update email field on input" name="CreateUserModal User Interactions should update email field on input" time="0">
      <skipped/>
    </testcase>
    <testcase classname="CreateUserModal User Interactions should handle notification consent checkbox toggle" name="CreateUserModal User Interactions should handle notification consent checkbox toggle" time="0.523">
    </testcase>
    <testcase classname="CreateUserModal User Interactions should handle role selection from dropdown" name="CreateUserModal User Interactions should handle role selection from dropdown" time="0">
      <skipped/>
    </testcase>
    <testcase classname="CreateUserModal User Interactions should handle country selection" name="CreateUserModal User Interactions should handle country selection" time="0">
      <skipped/>
    </testcase>
    <testcase classname="CreateUserModal User Interactions should close modal when cancel button is clicked" name="CreateUserModal User Interactions should close modal when cancel button is clicked" time="0.615">
    </testcase>
    <testcase classname="CreateUserModal User Interactions should not close modal when loading" name="CreateUserModal User Interactions should not close modal when loading" time="0">
      <skipped/>
    </testcase>
    <testcase classname="CreateUserModal User Interactions should clear form data when modal closes" name="CreateUserModal User Interactions should clear form data when modal closes" time="1.526">
    </testcase>
    <testcase classname="CreateUserModal User Interactions should clear errors when modal closes" name="CreateUserModal User Interactions should clear errors when modal closes" time="0.914">
    </testcase>
    <testcase classname="CreateUserModal Edge Cases and Data Transformation should trim whitespace from text inputs" name="CreateUserModal Edge Cases and Data Transformation should trim whitespace from text inputs" time="0">
      <skipped/>
    </testcase>
    <testcase classname="CreateUserModal Edge Cases and Data Transformation should convert email to lowercase" name="CreateUserModal Edge Cases and Data Transformation should convert email to lowercase" time="0">
      <skipped/>
    </testcase>
    <testcase classname="CreateUserModal Edge Cases and Data Transformation should convert username to lowercase" name="CreateUserModal Edge Cases and Data Transformation should convert username to lowercase" time="0">
      <skipped/>
    </testcase>
    <testcase classname="CreateUserModal Edge Cases and Data Transformation should omit undefined optional fields from submission" name="CreateUserModal Edge Cases and Data Transformation should omit undefined optional fields from submission" time="0">
      <skipped/>
    </testcase>
    <testcase classname="CreateUserModal Edge Cases and Data Transformation should handle empty strings in optional fields" name="CreateUserModal Edge Cases and Data Transformation should handle empty strings in optional fields" time="0">
      <skipped/>
    </testcase>
    <testcase classname="CreateUserModal Edge Cases and Data Transformation should sync roles across accounts when roles change" name="CreateUserModal Edge Cases and Data Transformation should sync roles across accounts when roles change" time="0">
      <skipped/>
    </testcase>
    <testcase classname="CreateUserModal Error Display and Recovery should display API error in alert" name="CreateUserModal Error Display and Recovery should display API error in alert" time="0">
      <skipped/>
    </testcase>
    <testcase classname="CreateUserModal Error Display and Recovery should allow resubmission after error" name="CreateUserModal Error Display and Recovery should allow resubmission after error" time="0">
      <skipped/>
    </testcase>
    <testcase classname="CreateUserModal Error Display and Recovery should clear API error when modal is closed" name="CreateUserModal Error Display and Recovery should clear API error when modal is closed" time="0">
      <skipped/>
    </testcase>
    <testcase classname="CreateUserModal Helper Text and Labels should display password requirements helper text" name="CreateUserModal Helper Text and Labels should display password requirements helper text" time="0.279">
    </testcase>
    <testcase classname="CreateUserModal Helper Text and Labels should display username format helper text" name="CreateUserModal Helper Text and Labels should display username format helper text" time="0.257">
    </testcase>
    <testcase classname="CreateUserModal Helper Text and Labels should show required asterisk on required fields" name="CreateUserModal Helper Text and Labels should show required asterisk on required fields" time="0.352">
    </testcase>
    <testcase classname="CreateUserModal Accessibility should have proper ARIA labels" name="CreateUserModal Accessibility should have proper ARIA labels" time="0.317">
    </testcase>
    <testcase classname="CreateUserModal Accessibility should associate error messages with inputs" name="CreateUserModal Accessibility should associate error messages with inputs" time="0.68">
    </testcase>
    <testcase classname="CreateUserModal Accessibility should disable escape key when loading" name="CreateUserModal Accessibility should disable escape key when loading" time="7.128">
    </testcase>
  </testsuite>
  <testsuite name="UserDetailsModal" errors="0" failures="0" skipped="0" timestamp="2026-04-14T10:16:59" time="61.707" tests="23">
    <testcase classname="UserDetailsModal Rendering should not render when open is false" name="UserDetailsModal Rendering should not render when open is false" time="0.109">
    </testcase>
    <testcase classname="UserDetailsModal Rendering should render when open is true" name="UserDetailsModal Rendering should render when open is true" time="0.868">
    </testcase>
    <testcase classname="UserDetailsModal Rendering should return null when user is null" name="UserDetailsModal Rendering should return null when user is null" time="0.005">
    </testcase>
    <testcase classname="UserDetailsModal Rendering should display user name" name="UserDetailsModal Rendering should display user name" time="0.183">
    </testcase>
    <testcase classname="UserDetailsModal Rendering should display user status chip" name="UserDetailsModal Rendering should display user status chip" time="0.156">
    </testcase>
    <testcase classname="UserDetailsModal User Information Display should display basic information" name="UserDetailsModal User Information Display should display basic information" time="0.139">
    </testcase>
    <testcase classname="UserDetailsModal User Information Display should display location information" name="UserDetailsModal User Information Display should display location information" time="0.153">
    </testcase>
    <testcase classname="UserDetailsModal User Information Display should display roles" name="UserDetailsModal User Information Display should display roles" time="0.115">
    </testcase>
    <testcase classname="UserDetailsModal User Information Display should display accounts section" name="UserDetailsModal User Information Display should display accounts section" time="0.124">
    </testcase>
    <testcase classname="UserDetailsModal User Information Display should handle missing optional fields" name="UserDetailsModal User Information Display should handle missing optional fields" time="0.127">
    </testcase>
    <testcase classname="UserDetailsModal Status Colors should display success color for ACTIVE status" name="UserDetailsModal Status Colors should display success color for ACTIVE status" time="0.119">
    </testcase>
    <testcase classname="UserDetailsModal Status Colors should display warning color for PENDING status" name="UserDetailsModal Status Colors should display warning color for PENDING status" time="0.143">
    </testcase>
    <testcase classname="UserDetailsModal Status Colors should display error color for BLOCKED status" name="UserDetailsModal Status Colors should display error color for BLOCKED status" time="0.146">
    </testcase>
    <testcase classname="UserDetailsModal Modal Actions should call onClose when Close button is clicked" name="UserDetailsModal Modal Actions should call onClose when Close button is clicked" time="0.509">
    </testcase>
    <testcase classname="UserDetailsModal Modal Actions should call onClose when dialog is dismissed" name="UserDetailsModal Modal Actions should call onClose when dialog is dismissed" time="0.17">
    </testcase>
    <testcase classname="UserDetailsModal Modal Actions should render Edit button when onEdit is provided" name="UserDetailsModal Modal Actions should render Edit button when onEdit is provided" time="0.302">
    </testcase>
    <testcase classname="UserDetailsModal Modal Actions should call onEdit when Edit button is clicked" name="UserDetailsModal Modal Actions should call onEdit when Edit button is clicked" time="0.357">
    </testcase>
    <testcase classname="UserDetailsModal Modal Actions should not render Edit button when onEdit is not provided" name="UserDetailsModal Modal Actions should not render Edit button when onEdit is not provided" time="0.192">
    </testcase>
    <testcase classname="UserDetailsModal Date Formatting should format birth date correctly" name="UserDetailsModal Date Formatting should format birth date correctly" time="0.162">
    </testcase>
    <testcase classname="UserDetailsModal Date Formatting should render without date when missing" name="UserDetailsModal Date Formatting should render without date when missing" time="0.133">
    </testcase>
    <testcase classname="UserDetailsModal Locale and Timezone Display should display locale information" name="UserDetailsModal Locale and Timezone Display should display locale information" time="0.149">
    </testcase>
    <testcase classname="UserDetailsModal Locale and Timezone Display should display timezone information" name="UserDetailsModal Locale and Timezone Display should display timezone information" time="0.137">
    </testcase>
    <testcase classname="UserDetailsModal Notification Consent Display should show notification consent status" name="UserDetailsModal Notification Consent Display should show notification consent status" time="0.109">
    </testcase>
  </testsuite>
  <testsuite name="Profile" errors="0" failures="0" skipped="0" timestamp="2026-04-14T10:16:56" time="66.47" tests="35">
    <testcase classname="Profile loading state shows spinner while fetching" name="Profile loading state shows spinner while fetching" time="0.075">
    </testcase>
    <testcase classname="Profile error states shows error when getSelfUser throws an Error" name="Profile error states shows error when getSelfUser throws an Error" time="0.158">
    </testcase>
    <testcase classname="Profile error states shows generic message for non-Error exception" name="Profile error states shows generic message for non-Error exception" time="0.053">
    </testcase>
    <testcase classname="Profile error states shows error.message when response has no user structure" name="Profile error states shows error.message when response has no user structure" time="0.033">
    </testcase>
    <testcase classname="Profile error states shows fallback error text when message is absent" name="Profile error states shows fallback error text when message is absent" time="0.085">
    </testcase>
    <testcase classname="Profile no-user state shows error when response has no recognisable user structure" name="Profile no-user state shows error when response has no recognisable user structure" time="0.041">
    </testcase>
    <testcase classname="Profile profile display — response.data renders My Profile heading" name="Profile profile display — response.data renders My Profile heading" time="0.457">
    </testcase>
    <testcase classname="Profile profile display — response.data renders username" name="Profile profile display — response.data renders username" time="0.18">
    </testcase>
    <testcase classname="Profile profile display — response.data renders email" name="Profile profile display — response.data renders email" time="0.156">
    </testcase>
    <testcase classname="Profile profile display — response.data renders ACTIVE status chip" name="Profile profile display — response.data renders ACTIVE status chip" time="0.169">
    </testcase>
    <testcase classname="Profile profile display — response.data renders city in address card" name="Profile profile display — response.data renders city in address card" time="0.158">
    </testcase>
    <testcase classname="Profile profile display — response.data renders assigned roles as chips" name="Profile profile display — response.data renders assigned roles as chips" time="0.174">
    </testcase>
    <testcase classname="Profile profile display — response.data renders Enabled for notificationConsent=true" name="Profile profile display — response.data renders Enabled for notificationConsent=true" time="0.123">
    </testcase>
    <testcase classname="Profile profile display — response.data renders Disabled for notificationConsent=false" name="Profile profile display — response.data renders Disabled for notificationConsent=false" time="0.154">
    </testcase>
    <testcase classname="Profile profile display — response.data renders formatted birth date" name="Profile profile display — response.data renders formatted birth date" time="0.151">
    </testcase>
    <testcase classname="Profile profile display — response.data renders Not specified when birthDate is absent" name="Profile profile display — response.data renders Not specified when birthDate is absent" time="0.136">
    </testcase>
    <testcase classname="Profile profile display — response.data renders No roles assigned when roles is empty" name="Profile profile display — response.data renders No roles assigned when roles is empty" time="0.15">
    </testcase>
    <testcase classname="Profile profile display — response.data renders associated accounts section" name="Profile profile display — response.data renders associated accounts section" time="0.149">
    </testcase>
    <testcase classname="Profile profile display — direct response shapes sets user when response has a numeric id field" name="Profile profile display — direct response shapes sets user when response has a numeric id field" time="0.158">
    </testcase>
    <testcase classname="Profile profile display — direct response shapes sets user when response has userName without id" name="Profile profile display — direct response shapes sets user when response has userName without id" time="0.136">
    </testcase>
    <testcase classname="Profile status chip colors — all statuses renders PENDING chip" name="Profile status chip colors — all statuses renders PENDING chip" time="0.139">
    </testcase>
    <testcase classname="Profile status chip colors — all statuses renders BLOCKED chip" name="Profile status chip colors — all statuses renders BLOCKED chip" time="0.151">
    </testcase>
    <testcase classname="Profile status chip colors — all statuses renders REJECTED chip" name="Profile status chip colors — all statuses renders REJECTED chip" time="0.155">
    </testcase>
    <testcase classname="Profile status chip colors — all statuses renders DELETED chip" name="Profile status chip colors — all statuses renders DELETED chip" time="0.168">
    </testcase>
    <testcase classname="Profile status chip colors — all statuses renders DEACTIVATED chip" name="Profile status chip colors — all statuses renders DEACTIVATED chip" time="0.13">
    </testcase>
    <testcase classname="Profile edit mode opens edit dialog when Edit Profile icon is clicked" name="Profile edit mode opens edit dialog when Edit Profile icon is clicked" time="1.128">
    </testcase>
    <testcase classname="Profile edit mode closes edit dialog on Cancel" name="Profile edit mode closes edit dialog on Cancel" time="1.99">
    </testcase>
    <testcase classname="Profile edit mode shows No changes detected when nothing was changed" name="Profile edit mode shows No changes detected when nothing was changed" time="1.306">
    </testcase>
    <testcase classname="Profile edit mode saves changes and shows success message" name="Profile edit mode saves changes and shows success message" time="1.75">
    </testcase>
    <testcase classname="Profile edit mode shows error when updateSelfUser rejects" name="Profile edit mode shows error when updateSelfUser rejects" time="1.361">
    </testcase>
    <testcase classname="Profile edit mode shows error from response.message when update returns no data" name="Profile edit mode shows error from response.message when update returns no data" time="1.369">
    </testcase>
    <testcase classname="Profile edit mode shows fallback Failed to update profile when response has no message" name="Profile edit mode shows fallback Failed to update profile when response has no message" time="1.547">
    </testcase>
    <testcase classname="Profile formatDate edge cases returns Not specified when birthDate is undefined" name="Profile formatDate edge cases returns Not specified when birthDate is undefined" time="0.152">
    </testcase>
    <testcase classname="Profile formatDate edge cases returns the raw string for unparseable dates" name="Profile formatDate edge cases returns the raw string for unparseable dates" time="0.159">
    </testcase>
    <testcase classname="Profile getStatusColor edge cases applies default chip color for an unrecognised status value" name="Profile getStatusColor edge cases applies default chip color for an unrecognised status value" time="0.165">
    </testcase>
  </testsuite>
  <testsuite name="ScopeManagement" errors="0" failures="0" skipped="13" timestamp="2026-04-14T10:17:08" time="69.04" tests="24">
    <testcase classname="ScopeManagement Basic Rendering renders the scope management page with title" name="ScopeManagement Basic Rendering renders the scope management page with title" time="0.616">
    </testcase>
    <testcase classname="ScopeManagement Basic Rendering renders search input and add button" name="ScopeManagement Basic Rendering renders search input and add button" time="0.727">
    </testcase>
    <testcase classname="ScopeManagement Scope Loading shows loading state initially" name="ScopeManagement Scope Loading shows loading state initially" time="0.273">
    </testcase>
    <testcase classname="ScopeManagement Scope Loading loads and displays scopes successfully" name="ScopeManagement Scope Loading loads and displays scopes successfully" time="0.808">
    </testcase>
    <testcase classname="ScopeManagement Scope Loading displays error message when loading fails" name="ScopeManagement Scope Loading displays error message when loading fails" time="0.407">
    </testcase>
    <testcase classname="ScopeManagement Search Functionality triggers search when typing in search field" name="ScopeManagement Search Functionality triggers search when typing in search field" time="1.214">
    </testcase>
    <testcase classname="ScopeManagement Search Functionality resets page to 0 when searching" name="ScopeManagement Search Functionality resets page to 0 when searching" time="0">
      <skipped/>
    </testcase>
    <testcase classname="ScopeManagement Pagination changes page when next button clicked" name="ScopeManagement Pagination changes page when next button clicked" time="1.511">
    </testcase>
    <testcase classname="ScopeManagement Pagination changes rows per page" name="ScopeManagement Pagination changes rows per page" time="1.42">
    </testcase>
    <testcase classname="ScopeManagement Scope Type Display displays administrative badge for administrative scopes" name="ScopeManagement Scope Type Display displays administrative badge for administrative scopes" time="0.327">
    </testcase>
    <testcase classname="ScopeManagement Scope Type Display displays predefined badge for predefined scopes" name="ScopeManagement Scope Type Display displays predefined badge for predefined scopes" time="0">
      <skipped/>
    </testcase>
    <testcase classname="ScopeManagement Create Scope opens dialog when Add Scope button clicked" name="ScopeManagement Create Scope opens dialog when Add Scope button clicked" time="0">
      <skipped/>
    </testcase>
    <testcase classname="ScopeManagement Create Scope creates new scope with valid data" name="ScopeManagement Create Scope creates new scope with valid data" time="0">
      <skipped/>
    </testcase>
    <testcase classname="ScopeManagement Create Scope shows validation errors for invalid scope name" name="ScopeManagement Create Scope shows validation errors for invalid scope name" time="0">
      <skipped/>
    </testcase>
    <testcase classname="ScopeManagement Edit Scope opens edit dialog with scope data" name="ScopeManagement Edit Scope opens edit dialog with scope data" time="0">
      <skipped/>
    </testcase>
    <testcase classname="ScopeManagement Edit Scope updates scope with new data" name="ScopeManagement Edit Scope updates scope with new data" time="0">
      <skipped/>
    </testcase>
    <testcase classname="ScopeManagement Edit Scope does not allow editing predefined scopes" name="ScopeManagement Edit Scope does not allow editing predefined scopes" time="0.635">
    </testcase>
    <testcase classname="ScopeManagement Delete Scope opens delete confirmation dialog" name="ScopeManagement Delete Scope opens delete confirmation dialog" time="0">
      <skipped/>
    </testcase>
    <testcase classname="ScopeManagement Delete Scope deletes scope when confirmed" name="ScopeManagement Delete Scope deletes scope when confirmed" time="0">
      <skipped/>
    </testcase>
    <testcase classname="ScopeManagement Delete Scope does not allow deleting predefined scopes" name="ScopeManagement Delete Scope does not allow deleting predefined scopes" time="0.618">
    </testcase>
    <testcase classname="ScopeManagement Delete Scope closes dialog when cancel button clicked" name="ScopeManagement Delete Scope closes dialog when cancel button clicked" time="0">
      <skipped/>
    </testcase>
    <testcase classname="ScopeManagement Refresh Functionality refreshes scope list and clears search" name="ScopeManagement Refresh Functionality refreshes scope list and clears search" time="0">
      <skipped/>
    </testcase>
    <testcase classname="ScopeManagement Empty State displays message when no scopes found" name="ScopeManagement Empty State displays message when no scopes found" time="0">
      <skipped/>
    </testcase>
    <testcase classname="ScopeManagement Error Recovery retries loading after error" name="ScopeManagement Error Recovery retries loading after error" time="0">
      <skipped/>
    </testcase>
  </testsuite>
  <testsuite name="DeleteUserDialog" errors="0" failures="0" skipped="1" timestamp="2026-04-14T10:17:00" time="77.561" tests="39">
    <testcase classname="DeleteUserDialog Rendering should render dialog when open is true" name="DeleteUserDialog Rendering should render dialog when open is true" time="0.523">
    </testcase>
    <testcase classname="DeleteUserDialog Rendering should not render dialog when open is false" name="DeleteUserDialog Rendering should not render dialog when open is false" time="0.013">
    </testcase>
    <testcase classname="DeleteUserDialog Rendering should not render when user is null" name="DeleteUserDialog Rendering should not render when user is null" time="0.04">
    </testcase>
    <testcase classname="DeleteUserDialog Rendering should render warning alert" name="DeleteUserDialog Rendering should render warning alert" time="0.123">
    </testcase>
    <testcase classname="DeleteUserDialog Rendering should display user information" name="DeleteUserDialog Rendering should display user information" time="0.223">
    </testcase>
    <testcase classname="DeleteUserDialog Rendering should display user status as chip" name="DeleteUserDialog Rendering should display user status as chip" time="0.138">
    </testcase>
    <testcase classname="DeleteUserDialog Rendering should display associated accounts" name="DeleteUserDialog Rendering should display associated accounts" time="0.12">
    </testcase>
    <testcase classname="DeleteUserDialog Rendering should render confirmation checkbox" name="DeleteUserDialog Rendering should render confirmation checkbox" time="0.198">
    </testcase>
    <testcase classname="DeleteUserDialog Rendering should render action buttons" name="DeleteUserDialog Rendering should render action buttons" time="0.4">
    </testcase>
    <testcase classname="DeleteUserDialog Rendering should have delete button disabled by default" name="DeleteUserDialog Rendering should have delete button disabled by default" time="0.291">
    </testcase>
    <testcase classname="DeleteUserDialog User Status Colors should display ACTIVE status with success color" name="DeleteUserDialog User Status Colors should display ACTIVE status with success color" time="0.103">
    </testcase>
    <testcase classname="DeleteUserDialog User Status Colors should display PENDING status with warning color" name="DeleteUserDialog User Status Colors should display PENDING status with warning color" time="0.115">
    </testcase>
[...]
    </testcase>
    <testcase classname="accountErrorUtils getAccountErrorMessage Status code handling - Update operation should return 400 message for update with invalid data" name="accountErrorUtils getAccountErrorMessage Status code handling - Update operation should return 400 message for update with invalid data" time="0.001">
    </testcase>
    <testcase classname="accountErrorUtils getAccountErrorMessage Status code handling - Update operation should return 404 message for update not found" name="accountErrorUtils getAccountErrorMessage Status code handling - Update operation should return 404 message for update not found" time="0.001">
    </testcase>
    <testcase classname="accountErrorUtils getAccountErrorMessage Status code handling - Delete operation should return 400 message for delete with invalid request" name="accountErrorUtils getAccountErrorMessage Status code handling - Delete operation should return 400 message for delete with invalid request" time="0.001">
    </testcase>
    <testcase classname="accountErrorUtils getAccountErrorMessage Status code handling - Delete operation should return 404 message for delete not found" name="accountErrorUtils getAccountErrorMessage Status code handling - Delete operation should return 404 message for delete not found" time="0.002">
    </testcase>
    <testcase classname="accountErrorUtils getAccountErrorMessage Status code handling - Fetch operation should return 400 message for fetch with invalid request" name="accountErrorUtils getAccountErrorMessage Status code handling - Fetch operation should return 400 message for fetch with invalid request" time="0.002">
    </testcase>
    <testcase classname="accountErrorUtils getAccountErrorMessage Status code handling - Fetch operation should return 401 message for fetch unauthorized" name="accountErrorUtils getAccountErrorMessage Status code handling - Fetch operation should return 401 message for fetch unauthorized" time="0.001">
    </testcase>
    <testcase classname="accountErrorUtils getAccountErrorMessage Status code handling - Fetch operation should return 403 message for fetch forbidden" name="accountErrorUtils getAccountErrorMessage Status code handling - Fetch operation should return 403 message for fetch forbidden" time="0.001">
    </testcase>
    <testcase classname="accountErrorUtils getAccountErrorMessage Status code handling - Fetch operation should return 404 message for fetch not found" name="accountErrorUtils getAccountErrorMessage Status code handling - Fetch operation should return 404 message for fetch not found" time="0.001">
    </testcase>
    <testcase classname="accountErrorUtils getAccountErrorMessage Custom messages handling should use custom messages when provided" name="accountErrorUtils getAccountErrorMessage Custom messages handling should use custom messages when provided" time="0.001">
    </testcase>
    <testcase classname="accountErrorUtils getAccountErrorMessage Custom messages handling should fall back to default when custom message not found" name="accountErrorUtils getAccountErrorMessage Custom messages handling should fall back to default when custom message not found" time="0.001">
    </testcase>
    <testcase classname="accountErrorUtils getAccountErrorMessage Custom messages handling should override default messages with custom ones" name="accountErrorUtils getAccountErrorMessage Custom messages handling should override default messages with custom ones" time="0.001">
    </testcase>
    <testcase classname="accountErrorUtils getAccountErrorMessage Fallback handling should return fallback message for unknown status code" name="accountErrorUtils getAccountErrorMessage Fallback handling should return fallback message for unknown status code" time="0.001">
    </testcase>
    <testcase classname="accountErrorUtils getAccountErrorMessage Fallback handling should return fallback message for update operation" name="accountErrorUtils getAccountErrorMessage Fallback handling should return fallback message for update operation" time="0.001">
    </testcase>
    <testcase classname="accountErrorUtils getAccountErrorMessage Fallback handling should return fallback message for delete operation" name="accountErrorUtils getAccountErrorMessage Fallback handling should return fallback message for delete operation" time="0.001">
    </testcase>
    <testcase classname="accountErrorUtils getAccountErrorMessage Fallback handling should return fallback message for fetch operation" name="accountErrorUtils getAccountErrorMessage Fallback handling should return fallback message for fetch operation" time="0">
    </testcase>
    <testcase classname="accountErrorUtils getAccountErrorMessage Edge cases should handle null error" name="accountErrorUtils getAccountErrorMessage Edge cases should handle null error" time="0">
    </testcase>
    <testcase classname="accountErrorUtils getAccountErrorMessage Edge cases should handle undefined error" name="accountErrorUtils getAccountErrorMessage Edge cases should handle undefined error" time="0">
    </testcase>
    <testcase classname="accountErrorUtils getAccountErrorMessage Edge cases should handle string error" name="accountErrorUtils getAccountErrorMessage Edge cases should handle string error" time="0.001">
    </testcase>
    <testcase classname="accountErrorUtils getAccountErrorMessage Edge cases should handle number error" name="accountErrorUtils getAccountErrorMessage Edge cases should handle number error" time="0.001">
    </testcase>
    <testcase classname="accountErrorUtils getAccountErrorMessage Edge cases should handle object without status" name="accountErrorUtils getAccountErrorMessage Edge cases should handle object without status" time="0.001">
    </testcase>
  </testsuite>
  <testsuite name="formUtils" errors="0" failures="0" skipped="0" timestamp="2026-04-14T10:19:01" time="1.178" tests="8">
    <testcase classname="formUtils createFieldChangeHandler should handle text input changes" name="formUtils createFieldChangeHandler should handle text input changes" time="0.005">
    </testcase>
    <testcase classname="formUtils createFieldChangeHandler should handle checkbox changes" name="formUtils createFieldChangeHandler should handle checkbox changes" time="0.002">
    </testcase>
    <testcase classname="formUtils createFieldChangeHandler should clear field error when user starts typing" name="formUtils createFieldChangeHandler should clear field error when user starts typing" time="0.002">
    </testcase>
    <testcase classname="formUtils createFieldChangeHandler should not call setErrors if field has no error" name="formUtils createFieldChangeHandler should not call setErrors if field has no error" time="0.002">
    </testcase>
    <testcase classname="formUtils createFieldChangeHandler should handle textarea changes" name="formUtils createFieldChangeHandler should handle textarea changes" time="0.002">
    </testcase>
    <testcase classname="formUtils createFieldChangeHandler should handle select changes" name="formUtils createFieldChangeHandler should handle select changes" time="0.002">
    </testcase>
    <testcase classname="formUtils createFieldChangeHandler should preserve other form data when updating a field" name="formUtils createFieldChangeHandler should preserve other form data when updating a field" time="0.001">
    </testcase>
    <testcase classname="formUtils createFieldChangeHandler should handle unchecking a checkbox" name="formUtils createFieldChangeHandler should handle unchecking a checkbox" time="0.001">
    </testcase>
  </testsuite>
  <testsuite name="Account Management Index Exports" errors="0" failures="0" skipped="0" timestamp="2026-04-14T10:18:03" time="59.287" tests="7">
    <testcase classname="Account Management Index Exports should export AccountManagement component" name="Account Management Index Exports should export AccountManagement component" time="0.004">
    </testcase>
    <testcase classname="Account Management Index Exports should export CreateAccountModal component" name="Account Management Index Exports should export CreateAccountModal component" time="0.002">
    </testcase>
    <testcase classname="Account Management Index Exports should export EditAccountModal component" name="Account Management Index Exports should export EditAccountModal component" time="0.002">
    </testcase>
    <testcase classname="Account Management Index Exports should export AccountDetailsModal component" name="Account Management Index Exports should export AccountDetailsModal component" time="0.002">
    </testcase>
    <testcase classname="Account Management Index Exports should export DeleteAccountDialog component" name="Account Management Index Exports should export DeleteAccountDialog component" time="0.002">
    </testcase>
    <testcase classname="Account Management Index Exports should have all expected exports" name="Account Management Index Exports should have all expected exports" time="0.004">
    </testcase>
    <testcase classname="Account Management Index Exports should export exactly 5 named exports" name="Account Management Index Exports should export exactly 5 named exports" time="0.001">
    </testcase>
  </testsuite>
  <testsuite name="Login" errors="0" failures="0" skipped="0" timestamp="2026-04-14T10:18:20" time="49.271" tests="25">
    <testcase classname="Login Rendering renders login page with title" name="Login Rendering renders login page with title" time="0.079">
    </testcase>
    <testcase classname="Login Rendering renders authorization server description" name="Login Rendering renders authorization server description" time="0.031">
    </testcase>
    <testcase classname="Login Rendering renders sign in button" name="Login Rendering renders sign in button" time="0.131">
    </testcase>
    <testcase classname="Login Rendering renders instruction text" name="Login Rendering renders instruction text" time="0.019">
    </testcase>
    <testcase classname="Login Login Flow calls authService.initiateLogin when sign in button is clicked" name="Login Login Flow calls authService.initiateLogin when sign in button is clicked" time="0.056">
    </testcase>
    <testcase classname="Login Login Flow shows loading state when login is in progress" name="Login Login Flow shows loading state when login is in progress" time="0.047">
    </testcase>
    <testcase classname="Login Login Flow disables button during loading" name="Login Login Flow disables button during loading" time="0.054">
    </testcase>
    <testcase classname="Login Login Flow handles login failure" name="Login Login Flow handles login failure" time="0.097">
    </testcase>
    <testcase classname="Login Login Flow handles non-Error exceptions" name="Login Login Flow handles non-Error exceptions" time="0.115">
    </testcase>
    <testcase classname="Login Error Handling from URL displays error from URL query parameters" name="Login Error Handling from URL displays error from URL query parameters" time="0.111">
    </testcase>
    <testcase classname="Login Error Handling from URL displays error description from URL" name="Login Error Handling from URL displays error description from URL" time="0.039">
    </testcase>
    <testcase classname="Login Error Handling from URL prefers error_description over error code" name="Login Error Handling from URL prefers error_description over error code" time="0.025">
    </testcase>
    <testcase classname="Login Error Handling from URL does not display error alert when no error in URL" name="Login Error Handling from URL does not display error alert when no error in URL" time="0.012">
    </testcase>
    <testcase classname="Login Error Display from Store displays error from Redux store" name="Login Error Display from Store displays error from Redux store" time="0.014">
    </testcase>
    <testcase classname="Login Error Display from Store shows error alert with severity" name="Login Error Display from Store shows error alert with severity" time="0.019">
    </testcase>
    <testcase classname="Login UI States shows login icon when not loading" name="Login UI States shows login icon when not loading" time="0.013">
    </testcase>
    <testcase classname="Login UI States shows progress indicator when loading" name="Login UI States shows progress indicator when loading" time="0.036">
    </testcase>
    <testcase classname="Login UI States applies gradient background" name="Login UI States applies gradient background" time="0.014">
    </testcase>
    <testcase classname="Login Accessibility button has appropriate role and name" name="Login Accessibility button has appropriate role and name" time="0.034">
    </testcase>
    <testcase classname="Login Accessibility error alert is accessible" name="Login Accessibility error alert is accessible" time="0.022">
    </testcase>
    <testcase classname="Login Cross-Tab Auth Sync redirects to dashboard immediately when already authenticated" name="Login Cross-Tab Auth Sync redirects to dashboard immediately when already authenticated" time="0.013">
    </testcase>
    <testcase classname="Login Cross-Tab Auth Sync does not redirect when not authenticated" name="Login Cross-Tab Auth Sync does not redirect when not authenticated" time="0.013">
    </testcase>
    <testcase classname="Login Cross-Tab Auth Sync redirects to dashboard when another tab logs in (storage event with new token)" name="Login Cross-Tab Auth Sync redirects to dashboard when another tab logs in (storage event with new token)" time="0.017">
    </testcase>
    <testcase classname="Login Cross-Tab Auth Sync does not redirect when another tab removes the token (logout event)" name="Login Cross-Tab Auth Sync does not redirect when another tab removes the token (logout event)" time="0.017">
    </testcase>
    <testcase classname="Login Cross-Tab Auth Sync ignores storage events for unrelated keys" name="Login Cross-Tab Auth Sync ignores storage events for unrelated keys" time="0.017">
    </testcase>
  </testsuite>
  <testsuite name="Layout" errors="0" failures="0" skipped="0" timestamp="2026-04-14T10:18:17" time="55.921" tests="30">
    <testcase classname="Layout should render children content" name="Layout should render children content" time="0.305">
    </testcase>
    <testcase classname="Layout should render app bar with logo and title" name="Layout should render app bar with logo and title" time="0.184">
    </testcase>
    <testcase classname="Layout should render navigation menu items" name="Layout should render navigation menu items" time="0.285">
    </testcase>
    <testcase classname="Layout should display user avatar with first letter of firstName" name="Layout should display user avatar with first letter of firstName" time="0.184">
    </testcase>
    <testcase classname="Layout should toggle sidebar when menu icon is clicked" name="Layout should toggle sidebar when menu icon is clicked" time="0.255">
    </testcase>
    <testcase classname="Layout should open user menu when avatar is clicked" name="Layout should open user menu when avatar is clicked" time="0.324">
    </testcase>
    <testcase classname="Layout should navigate when menu item is clicked" name="Layout should navigate when menu item is clicked" time="0.169">
    </testcase>
    <testcase classname="Layout should logout and navigate to login when logout is clicked" name="Layout should logout and navigate to login when logout is clicked" time="0.402">
    </testcase>
    <testcase classname="Layout should call authService.logout when logout is triggered" name="Layout should call authService.logout when logout is triggered" time="0.336">
    </testcase>
    <testcase classname="Layout should handle logout failure gracefully" name="Layout should handle logout failure gracefully" time="0.435">
    </testcase>
    <testcase classname="Layout should clear Redux state after logout" name="Layout should clear Redux state after logout" time="0.424">
    </testcase>
    <testcase classname="Layout should close user menu after logout" name="Layout should close user menu after logout" time="0.573">
    </testcase>
    <testcase classname="Layout should close user menu when menu item is clicked" name="Layout should close user menu when menu item is clicked" time="0.362">
    </testcase>
    <testcase classname="Layout should display correct page title based on route" name="Layout should display correct page title based on route" time="0.101">
    </testcase>
    <testcase classname="Layout should show theme toggle button" name="Layout should show theme toggle button" time="0.178">
    </testcase>
    <testcase classname="Layout should render sidebar when sidebarOpen is true" name="Layout should render sidebar when sidebarOpen is true" time="0.165">
    </testcase>
    <testcase classname="Layout should handle user without firstName gracefully" name="Layout should handle user without firstName gracefully" time="0.178">
    </testcase>
    <testcase classname="Layout should handle user without firstName or userName" name="Layout should handle user without firstName or userName" time="0.181">
    </testcase>
    <testcase classname="Layout should display user full name in menu" name="Layout should display user full name in menu" time="0.263">
    </testcase>
    <testcase classname="Layout should apply selected style to current route navigation item" name="Layout should apply selected style to current route navigation item" time="0.108">
    </testcase>
    <testcase classname="Layout Cross-Browser Session Invalidation calls SessionService.getActiveSessions when document becomes visible" name="Layout Cross-Browser Session Invalidation calls SessionService.getActiveSessions when document becomes visible" time="0.149">
    </testcase>
    <testcase classname="Layout Cross-Browser Session Invalidation does not call SessionService.getActiveSessions when document becomes hidden" name="Layout Cross-Browser Session Invalidation does not call SessionService.getActiveSessions when document becomes hidden" time="0.16">
    </testcase>
    <testcase classname="Layout Cross-Browser Session Invalidation silently ignores errors from the visibility-based session check" name="Layout Cross-Browser Session Invalidation silently ignores errors from the visibility-based session check" time="0.183">
    </testcase>
    <testcase classname="Layout Cross-Browser Session Invalidation removes the visibilitychange listener on unmount" name="Layout Cross-Browser Session Invalidation removes the visibilitychange listener on unmount" time="0.137">
    </testcase>
    <testcase classname="Layout Profile Management should fetch user profile on mount if firstName or lastName is missing" name="Layout Profile Management should fetch user profile on mount if firstName or lastName is missing" time="0.226">
    </testcase>
    <testcase classname="Layout Profile Management should always fetch profile on mount to get latest user info" name="Layout Profile Management should always fetch profile on mount to get latest user info" time="0.138">
    </testcase>
    <testcase classname="Layout Profile Management should handle profile fetch error gracefully" name="Layout Profile Management should handle profile fetch error gracefully" time="0.162">
    </testcase>
    <testcase classname="Layout Profile Management should update Redux store with fetched profile data" name="Layout Profile Management should update Redux store with fetched profile data" time="0.147">
    </testcase>
    <testcase classname="Layout Profile Management should display updated user name in avatar after profile fetch" name="Layout Profile Management should display updated user name in avatar after profile fetch" time="0.137">
    </testcase>
    <testcase classname="Layout Profile Management should handle response without data property" name="Layout Profile Management should handle response without data property" time="0.222">
    </testcase>
  </testsuite>
</testsuites>